<?xml version="1.0" encoding="UTF-8"?>
<!-- Generated by org.testng.reporters.JUnitReportReporter -->
<testsuite hostname="AB" failures="0" tests="1" name="com.Sauce.Tests.TC_Sauce_TestFilterNameAtoZ" time="11.321" errors="0" timestamp="2025-04-17T15:58:10 IST" skipped="0">
  <testcase classname="com.Sauce.Tests.TC_Sauce_TestFilterNameAtoZ" name="test_FilterNameAtoZ" time="11.321"/>
</testsuite> <!-- com.Sauce.Tests.TC_Sauce_TestFilterNameAtoZ -->
