<?xml version="1.0" encoding="UTF-8"?>
<!-- Generated by org.testng.reporters.JUnitReportReporter -->
<testsuite hostname="AB" failures="0" tests="1" name="com.Sauce.Tests.TC_Sauce_TestFilterNameZtoA" time="3.654" errors="0" timestamp="2025-04-18T16:28:39 IST" skipped="0">
  <testcase classname="com.Sauce.Tests.TC_Sauce_TestFilterNameZtoA" name="test_FilterNameAtoZ" time="3.654"/>
</testsuite> <!-- com.Sauce.Tests.TC_Sauce_TestFilterNameZtoA -->
